/System/Library/Extensions/AppleRemoteIOP.kext
/System/Library/Extensions/AppleEmbeddedOSSupportHost.kext
/System/Library/Extensions/AppleSMCLMU.kext
/System/Library/Extensions/AppleD2365PMU.kext
/System/Library/Extensions/AppleOLYHALMac.kext
/System/Library/Extensions/AppleUSBHostT7000.kext
/System/Library/Extensions/AppleIntelLpssSpiController.kext
/System/Library/Extensions/IOSkywalkFamily.kext
/System/Library/Extensions/IOAVFamily.kext
/System/Library/Extensions/PPPoE.kext
/System/Library/Extensions/BridgeAudioCommunication.kext
/System/Library/Extensions/AppleT8011USB.kext
/System/Library/Extensions/AppleEventLogHandler.kext
/System/Library/Extensions/AppleH13CameraInterface.kext
/System/Library/Extensions/ntfs.kext
/System/Library/Extensions/BroadcomBluetooth20703USBTransport.kext
/System/Library/Extensions/AppleNANDConfigAccess.kext
/System/Library/Extensions/InvalidateHmac.kext
/System/Library/Extensions/AMD7000Controller.kext
/System/Library/Extensions/AppleIntelLpssUARTv1.kext
/System/Library/Extensions/AppleIRController.kext
/System/Library/Extensions/AppleIntelICLGraphics.kext
/System/Library/Extensions/AppleMultiFunctionManager.kext
/System/Library/Extensions/IOAcceleratorFamily2.kext
/System/Library/Extensions/AppleS5L8920XPWM.kext
/System/Library/Extensions/DCPMIPIProxy.kext
/System/Library/Extensions/AMDRadeonX4000HWServices.kext
/System/Library/Extensions/AMDRadeonX4000HWServices.kext/Contents/PlugIns/AMDRadeonX4030HWLibs.kext
/System/Library/Extensions/AMDRadeonX4000HWServices.kext/Contents/PlugIns/AMDRadeonX4050HWLibs.kext
/System/Library/Extensions/AMDRadeonX4000HWServices.kext/Contents/PlugIns/AMDRadeonX4100HWLibs.kext
/System/Library/Extensions/AMDRadeonX4000HWServices.kext/Contents/PlugIns/AMDRadeonX4000HWLibs.kext
/System/Library/Extensions/AMDRadeonX4000HWServices.kext/Contents/PlugIns/AMDRadeonX4700HWLibs.kext
/System/Library/Extensions/AMDRadeonX4000HWServices.kext/Contents/PlugIns/AMDRadeonX4070HWLibs.kext
/System/Library/Extensions/AMDRadeonX4000HWServices.kext/Contents/PlugIns/AMDRadeonX4200HWLibs.kext
/System/Library/Extensions/AMDRadeonX4000HWServices.kext/Contents/PlugIns/AMDRadeonX4400HWLibs.kext
/System/Library/Extensions/RTBuddy.kext
/System/Library/Extensions/AppleFirmwareUpdateKext.kext
/System/Library/Extensions/AppleMikeyHIDDriver.kext
/System/Library/Extensions/AppleD1972PMU.kext
/System/Library/Extensions/AppleAPIC.kext
/System/Library/Extensions/L2TP.kext
/System/Library/Extensions/IOMobileGraphicsFamily.kext
/System/Library/Extensions/AppleEmbeddedPCIE.kext
/System/Library/Extensions/AppleUSBECM.kext
/System/Library/Extensions/AppleHighVoltageCharger.kext
/System/Library/Extensions/IOSCSIParallelFamily.kext
/System/Library/Extensions/AppleThunderboltNHI.kext
/System/Library/Extensions/BCMWLANFirmware4364_Hashstore.kext
/System/Library/Extensions/AppleUSBHSIC.kext
/System/Library/Extensions/IOMobileGraphicsFamily-DCP.kext
/System/Library/Extensions/AppleT8020SOCTuner.kext
/System/Library/Extensions/AudioDMAController_T8103.kext
/System/Library/Extensions/KextAudit.kext
/System/Library/Extensions/AppleIntelLpssDmac.kext
/System/Library/Extensions/acfs.kext
/System/Library/Extensions/AppleGFXHDA.kext
/System/Library/Extensions/AppleT8027USB.kext
/System/Library/Extensions/AppleD2186PMU.kext
/System/Library/Extensions/AppleH10CameraInterface.kext
/System/Library/Extensions/AppleImage4.kext
/System/Library/Extensions/AppleActuatorDriver.kext
/System/Library/Extensions/AppleIntelKBLGraphicsFramebuffer.kext
/System/Library/Extensions/AppleMobileDispH13G-DCP.kext
/System/Library/Extensions/AppleCredentialManager.kext
/System/Library/Extensions/IOBiometricFamily.kext
/System/Library/Extensions/AppleEmbeddedAudio.kext
/System/Library/Extensions/AppleEmbeddedAudio.kext/Contents/PlugIns/AppleSN012776Amp.kext
/System/Library/Extensions/AppleEmbeddedAudio.kext/Contents/PlugIns/AppleMAX98726Audio.kext
/System/Library/Extensions/AppleEmbeddedAudio.kext/Contents/PlugIns/AppleTAS5770LAmp.kext
/System/Library/Extensions/AppleEmbeddedAudio.kext/Contents/PlugIns/AppleCS42L84Audio.kext
/System/Library/Extensions/AppleEmbeddedAudio.kext/Contents/PlugIns/AppleMAX98357Amp.kext
/System/Library/Extensions/AppleEmbeddedAudio.kext/Contents/PlugIns/AppleEmbeddedAudioButtonsHIDService.kext
/System/Library/Extensions/AppleEmbeddedAudio.kext/Contents/PlugIns/AppleSSM3515Audio.kext
/System/Library/Extensions/AppleEmbeddedAudio.kext/Contents/PlugIns/AppleCS42L83Audio.kext
/System/Library/Extensions/AppleEmbeddedAudio.kext/Contents/PlugIns/AppleDummyCodecAudio.kext
/System/Library/Extensions/AppleEmbeddedAudio.kext/Contents/PlugIns/AppleMAX98721Amp.kext
/System/Library/Extensions/AGXFirmwareKextRTBuddy64.kext
/System/Library/Extensions/AppleHPM.kext
/System/Library/Extensions/AppleIntelCFLGraphicsFramebuffer.kext
/System/Library/Extensions/AppleDPTX.kext
/System/Library/Extensions/ALF.kext
/System/Library/Extensions/AppleStorageDrivers.kext
/System/Library/Extensions/AppleStorageDrivers.kext/Contents/PlugIns/WriteProtectedMediaDriver.kext
/System/Library/Extensions/AppleStorageDrivers.kext/Contents/PlugIns/OxfordSemiconductor.kext
/System/Library/Extensions/AppleStorageDrivers.kext/Contents/PlugIns/CanonEOS1D.kext
/System/Library/Extensions/AppleStorageDrivers.kext/Contents/PlugIns/AppleXserveRAID.kext
/System/Library/Extensions/AppleStorageDrivers.kext/Contents/PlugIns/AppleUSBMassStorageInterfaceNub.kext
/System/Library/Extensions/AppleStorageDrivers.kext/Contents/PlugIns/AppleMemorexCDROMDriver.kext
/System/Library/Extensions/AppleStorageDrivers.kext/Contents/PlugIns/FireWireStorageDeviceSpecifics.kext
/System/Library/Extensions/AppleStorageDrivers.kext/Contents/PlugIns/IOFireWireSerialBusProtocolSansPhysicalUnit.kext
/System/Library/Extensions/AppleStorageDrivers.kext/Contents/PlugIns/USBStorageDeviceSpecifics.kext
/System/Library/Extensions/AppleStorageDrivers.kext/Contents/PlugIns/StorageLynx.kext
/System/Library/Extensions/AppleStorageDrivers.kext/Contents/PlugIns/FWPreferredProtocolSpeed.kext
/System/Library/Extensions/AppleStorageDrivers.kext/Contents/PlugIns/AppleATAPIStorage.kext
/System/Library/Extensions/AppleStorageDrivers.kext/Contents/PlugIns/SCSIDeviceSpecifics.kext
/System/Library/Extensions/AppleStorageDrivers.kext/Contents/PlugIns/AppleHollywood.kext
/System/Library/Extensions/AppleStorageDrivers.kext/Contents/PlugIns/AppleUSBCardReader.kext
/System/Library/Extensions/AppleStorageDrivers.kext/Contents/PlugIns/SanyoIDShot.kext
/System/Library/Extensions/AppleStorageDrivers.kext/Contents/PlugIns/AppleUSBODD.kext
/System/Library/Extensions/AppleStorageDrivers.kext/Contents/PlugIns/AppleUSBTDM.kext
/System/Library/Extensions/AppleStorageDrivers.kext/Contents/PlugIns/PioneerSuperDrive.kext
/System/Library/Extensions/AppleStorageDrivers.kext/Contents/PlugIns/MKE-SR-8171.kext
/System/Library/Extensions/AppleStorageDrivers.kext/Contents/PlugIns/PlasmonUDO.kext
/System/Library/Extensions/AppleStorageDrivers.kext/Contents/PlugIns/SonyXDCAMDriver.kext
/System/Library/Extensions/AppleStorageDrivers.kext/Contents/PlugIns/LSI-FW-500.kext
/System/Library/Extensions/AppleStorageDrivers.kext/Contents/PlugIns/initioFWBridge.kext
/System/Library/Extensions/AppleStorageDrivers.kext/Contents/PlugIns/MKE-LF-D211A.kext
/System/Library/Extensions/AppleStorageDrivers.kext/Contents/PlugIns/AppleFireWireStorage.kext
/System/Library/Extensions/AppleStorageDrivers.kext/Contents/PlugIns/QPSQueFire.kext
/System/Library/Extensions/AppleVirtIO.kext
/System/Library/Extensions/AppleD2422PMU.kext
/System/Library/Extensions/AppleSRP.kext
/System/Library/Extensions/BCMWLANFirmware4378_Hashstore.kext
/System/Library/Extensions/IOGPUFamily.kext
/System/Library/Extensions/AppleEmbeddedTempSensor.kext
/System/Library/Extensions/IODVDStorageFamily.kext
/System/Library/Extensions/AppleARMWatchdogTimer.kext
/System/Library/Extensions/AppleSynopsysUSBXHCI.kext
/System/Library/Extensions/AppleT8103USB.kext
/System/Library/Extensions/BCMWLANFirmware4387_Hashstore.kext
/System/Library/Extensions/AppleParavirtGPUIOGPUFamily.kext
/System/Library/Extensions/AppleSEPKeyStore.kext
/System/Library/Extensions/IOHDIXController.kext
/System/Library/Extensions/IOHDIXController.kext/Contents/PlugIns/AppleDiskImagesHTTPBackingStore.kext
/System/Library/Extensions/IOHDIXController.kext/Contents/PlugIns/AppleDiskImagesReadWriteDiskImage.kext
/System/Library/Extensions/IOHDIXController.kext/Contents/PlugIns/AppleDiskImagesRAMBackingStore.kext
/System/Library/Extensions/IOHDIXController.kext/Contents/PlugIns/AppleDiskImagesKernelBacked.kext
/System/Library/Extensions/IOHDIXController.kext/Contents/PlugIns/AppleDiskImagesCryptoEncoding.kext
/System/Library/Extensions/IOHDIXController.kext/Contents/PlugIns/AppleDiskImagesFileBackingStore.kext
/System/Library/Extensions/IOHDIXController.kext/Contents/PlugIns/AppleDiskImagesUDIFDiskImage.kext
/System/Library/Extensions/IOHDIXController.kext/Contents/PlugIns/AppleDiskImagesSparseDiskImage.kext
/System/Library/Extensions/AppleLightningErrorHandler.kext
/System/Library/Extensions/AppleAHCIPort.kext
/System/Library/Extensions/asp_tcp.kext
/System/Library/Extensions/IOAccessoryManager.kext
/System/Library/Extensions/IOUSBMassStorageDriver.kext
/System/Library/Extensions/AppleRAID.kext
/System/Library/Extensions/AppleBluetoothDebug.kext
/System/Library/Extensions/IOSerialFamily.kext
/System/Library/Extensions/IOSerialFamily.kext/Contents/PlugIns/AppleWWANSupport1.kext
/System/Library/Extensions/IOSerialFamily.kext/Contents/PlugIns/AppleWWANSupport.kext
/System/Library/Extensions/IOSerialFamily.kext/Contents/PlugIns/AppleWWANSupport2.kext
/System/Library/Extensions/AppleMCA2_T8027.kext
/System/Library/Extensions/AGXG13G.kext
/System/Library/Extensions/AMDRadeonX5000HWServices.kext
/System/Library/Extensions/AMDRadeonX5000HWServices.kext/Contents/PlugIns/AMDRadeonX5400HWLibs.kext
/System/Library/Extensions/AMDRadeonX5000HWServices.kext/Contents/PlugIns/AMDRadeonX5200HWLibs.kext
/System/Library/Extensions/AMDRadeonX5000HWServices.kext/Contents/PlugIns/AMDRadeonX5700HWLibs.kext
/System/Library/Extensions/AMDRadeonX5000HWServices.kext/Contents/PlugIns/AMDRadeonX5000HWLibs.kext
/System/Library/Extensions/AMDRadeonX5000HWServices.kext/Contents/PlugIns/AMDRadeonX5100HWLibs.kext
/System/Library/Extensions/AppleDCPDPDisplayProxy.kext
/System/Library/Extensions/AppleT8010PMPFirmware.kext
/System/Library/Extensions/AppleProResHW.kext
/System/Library/Extensions/IOBluetoothSerialManager.kext
/System/Library/Extensions/CoreKDL.kext
/System/Library/Extensions/AppleT8103CLPCv3.kext
/System/Library/Extensions/AppleBluetoothDebugService.kext
/System/Library/Extensions/AGXG11G.kext
/System/Library/Extensions/AppleAOPAudio.kext
/System/Library/Extensions/AFKACIPCKext.kext
/System/Library/Extensions/AppleD2449PMU.kext
/System/Library/Extensions/AppleMCA2_T8103.kext
/System/Library/Extensions/CoreTrust.kext
/System/Library/Extensions/AGXFirmwareKextG13GRTBuddy.kext
/System/Library/Extensions/AppleT8103PCIeC.kext
/System/Library/Extensions/AudioAUUC.kext
/System/Library/Extensions/AppleBacklight.kext
/System/Library/Extensions/CoreStorage.kext
/System/Library/Extensions/CoreStorage.kext/Contents/PlugIns/CoreStorageFsck.kext
/System/Library/Extensions/Dont Steal Mac OS X.kext
/System/Library/Extensions/AppleUSBEEM.kext
/System/Library/Extensions/AppleIntelPCHPMC.kext
/System/Library/Extensions/AppleIntelLpssUARTv0.kext
/System/Library/Extensions/AppleBluetoothMultitouch.kext
/System/Library/Extensions/AppleARMIISAudio.kext
/System/Library/Extensions/HFS.kext
/System/Library/Extensions/AppleS5L8940XI2C.kext
/System/Library/Extensions/AppleLMBacklight.kext
/System/Library/Extensions/AGXFirmwareKextG13XRTBuddy.kext
/System/Library/Extensions/AppleHPET.kext
/System/Library/Extensions/AppleThunderboltUTDM.kext
/System/Library/Extensions/HFS_MacJapanese.kext
/System/Library/Extensions/pmtelemetry.kext
/System/Library/Extensions/AppleIntelICLLPGraphicsFramebuffer.kext
/System/Library/Extensions/AppleEmbeddedUSBHost.kext
/System/Library/Extensions/AppleMobileDispT600X.kext
/System/Library/Extensions/HFS_MacChineseTrad.kext
/System/Library/Extensions/AppleUSBHostS5L8930X.kext
/System/Library/Extensions/AppleT8020.kext
/System/Library/Extensions/BCMWLANFirmware4377_Hashstore.kext
/System/Library/Extensions/AppleHIDKeyboardEmbedded.kext
/System/Library/Extensions/IOSMBusFamily.kext
/System/Library/Extensions/AppleUSBSerial.kext
/System/Library/Extensions/AppleMCCSControl.kext
/System/Library/Extensions/AppleMobileDispH13G.kext
/System/Library/Extensions/AppleT8101USB.kext
/System/Library/Extensions/IOReportFamily.kext
/System/Library/Extensions/IOBluetoothFamily.kext
/System/Library/Extensions/HFS_MacCyrillic.kext
/System/Library/Extensions/AppleD2207PMU.kext
/System/Library/Extensions/AppleT8027PMGR.kext
/System/Library/Extensions/AppleIntelSlowAdaptiveClocking.kext
/System/Library/Extensions/IOSurface.kext
/System/Library/Extensions/exfat.kext
/System/Library/Extensions/AppleUSBWCM.kext
/System/Library/Extensions/AppleSMC.kext
/System/Library/Extensions/AppleMCA2_T8020.kext
/System/Library/Extensions/AppleALSColorSensor.kext
/System/Library/Extensions/autofs.kext
/System/Library/Extensions/AppleEmbeddedLightSensor.kext
/System/Library/Extensions/AppleCycloneErrorHandler.kext
/System/Library/Extensions/AppleEffaceableTDM.kext
/System/Library/Extensions/AppleD2238PMU.kext
/System/Library/Extensions/AppleT8011PMPFirmware.kext
/System/Library/Extensions/AppleT8110PMGR.kext
/System/Library/Extensions/BridgeAudioController.kext
/System/Library/Extensions/AppleGPIOICController.kext
/System/Library/Extensions/IOCryptoAcceleratorFamily.kext
/System/Library/Extensions/IOStreamFamily.kext
/System/Library/Extensions/IOStreamFamily.kext/Contents/PlugIns/IOStreamUserClient.kext
/System/Library/Extensions/AppleMobileFileIntegrity.kext
/System/Library/Extensions/AppleT6001PMGR.kext
/System/Library/Extensions/AppleT6000PMGR.kext
/System/Library/Extensions/DCPAVFamilyProxy.kext
/System/Library/Extensions/AppleT8027CLPCv3.kext
/System/Library/Extensions/AMDRadeonX6000HWServices.kext
/System/Library/Extensions/AMDRadeonX6000HWServices.kext/Contents/PlugIns/AMDRadeonX6800HWLibs.kext
/System/Library/Extensions/AMDRadeonX6000HWServices.kext/Contents/PlugIns/AMDRadeonX6200HWLibs.kext
/System/Library/Extensions/AMDRadeonX6000HWServices.kext/Contents/PlugIns/AMDRadeonX6300HWLibs.kext
/System/Library/Extensions/AMDRadeonX6000HWServices.kext/Contents/PlugIns/AMDRadeonX6810HWLibs.kext
/System/Library/Extensions/AMDRadeonX6000HWServices.kext/Contents/PlugIns/AMDRadeonX6100HWLibs.kext
/System/Library/Extensions/AMDRadeonX6000HWServices.kext/Contents/PlugIns/AMDRadeonX6000HWLibs.kext
/System/Library/Extensions/AMDRadeonX6000HWServices.kext/Contents/PlugIns/AMDRadeonX6700HWLibs.kext
/System/Library/Extensions/AppleMatch.kext
/System/Library/Extensions/cd9660.kext
/System/Library/Extensions/AppleT8027PCIe.kext
/System/Library/Extensions/AppleIntelCPUPowerManagementClient.kext
/System/Library/Extensions/AppleT8027.kext
/System/Library/Extensions/ApplePlatformEnabler.kext
/System/Library/Extensions/AppleDiagnosticDataAccess.kext
/System/Library/Extensions/System.kext
/System/Library/Extensions/System.kext/PlugIns/IOKit.kext
/System/Library/Extensions/System.kext/PlugIns/Kasan.kext
/System/Library/Extensions/System.kext/PlugIns/ApplePlatformFamily.kext
/System/Library/Extensions/System.kext/PlugIns/BSDKernel.kext
/System/Library/Extensions/System.kext/PlugIns/Kcov.kext
/System/Library/Extensions/System.kext/PlugIns/Libkern.kext
/System/Library/Extensions/System.kext/PlugIns/IOSystemManagement.kext
/System/Library/Extensions/System.kext/PlugIns/Mach.kext
/System/Library/Extensions/System.kext/PlugIns/MACFramework.kext
/System/Library/Extensions/System.kext/PlugIns/IONVRAMFamily.kext
/System/Library/Extensions/System.kext/PlugIns/Unsupported.kext
/System/Library/Extensions/System.kext/PlugIns/Private.kext
/System/Library/Extensions/System.kext/PlugIns/AppleNMI.kext
/System/Library/Extensions/AppleT8002USB.kext
/System/Library/Extensions/AppleT8101AFT.kext
/System/Library/Extensions/AppleTwisterErrorHandler.kext
/System/Library/Extensions/AppleHIDALSService.kext
/System/Library/Extensions/AppleMCDP29XXUpdateSupport.kext
/System/Library/Extensions/ApplePMGR.kext
/System/Library/Extensions/AppleBSDKextStarter.kext
/System/Library/Extensions/AppleBSDKextStarter.kext/Contents/PlugIns/AppleBSDKextStarterVPN.kext
/System/Library/Extensions/AppleBSDKextStarter.kext/Contents/PlugIns/AppleBSDKextStarterTMPFS.kext
/System/Library/Extensions/AppleSamsungSPI.kext
/System/Library/Extensions/AppleVirtualGraphics.kext
/System/Library/Extensions/IOThunderboltFamily.kext
/System/Library/Extensions/AppleFAN53740.kext
/System/Library/Extensions/IONVMeFamily.kext
/System/Library/Extensions/AppleTypeCPhy.kext
/System/Library/Extensions/AppleTypeCPhy.kext/Contents/PlugIns/AppleT8101TypeCPhy.kext
/System/Library/Extensions/AppleTypeCPhy.kext/Contents/PlugIns/AppleT8112TypeCPhy.kext
/System/Library/Extensions/AppleTypeCPhy.kext/Contents/PlugIns/AppleT8030TypeCPhy.kext
/System/Library/Extensions/AppleTypeCPhy.kext/Contents/PlugIns/AppleT6000TypeCPhy.kext
/System/Library/Extensions/AppleTypeCPhy.kext/Contents/PlugIns/AppleT8027TypeCPhy.kext
/System/Library/Extensions/AppleTypeCPhy.kext/Contents/PlugIns/AppleT8103TypeCPhy.kext
/System/Library/Extensions/AppleIntelCPUPowerManagement.kext
/System/Library/Extensions/AppleSDXC.kext
/System/Library/Extensions/ApplePerfPolicyControllers.kext
/System/Library/Extensions/AppleT8110PCIe.kext
/System/Library/Extensions/IOBluetoothHostControllerUSBTransport.kext
/System/Library/Extensions/AppleMobileDispH11G.kext
/System/Library/Extensions/AppleHIDKeyboard.kext
/System/Library/Extensions/AppleHIDKeyboard.kext/Contents/PlugIns/AppleBluetoothHIDKeyboard.kext
/System/Library/Extensions/AppleDialogPMU.kext
/System/Library/Extensions/AppleDCP.kext
/System/Library/Extensions/AppleVirtualPlatform.kext
/System/Library/Extensions/AppleInterruptController.kext
/System/Library/Extensions/AppleAOPVoiceTrigger.kext
/System/Library/Extensions/AGXG13X.kext
/System/Library/Extensions/DCPDPFamilyProxy.kext
/System/Library/Extensions/AppleSynopsysUSB40XHCI.kext
/System/Library/Extensions/AppleTopCase.kext
/System/Library/Extensions/AppleTopCase.kext/Contents/PlugIns/AppleTopCaseHIDEventDriver.kext
/System/Library/Extensions/AppleTopCase.kext/Contents/PlugIns/AppleTopCaseDriverV2.kext
/System/Library/Extensions/AppleTopCase.kext/Contents/PlugIns/AppleTopCaseActuatorHIDDriver.kext
/System/Library/Extensions/AppleTopCase.kext/Contents/PlugIns/AppleHSBluetoothDriver.kext
/System/Library/Extensions/AppleTopCase.kext/Contents/PlugIns/AppleUSBTopCaseDriver.kext
/System/Library/Extensions/AppleS5L8930XUSB.kext
/System/Library/Extensions/IOUSBDeviceFamily.kext
/System/Library/Extensions/IOUSBDeviceFamily.kext/Contents/PlugIns/AppleSynopsysOTGDevice.kext
/System/Library/Extensions/IOUSBDeviceFamily.kext/Contents/PlugIns/AppleT8027USBXDCI.kext
/System/Library/Extensions/IOUSBDeviceFamily.kext/Contents/PlugIns/AppleT7000USBOTGDevice.kext
/System/Library/Extensions/IOUSBDeviceFamily.kext/Contents/PlugIns/AppleUSBVHCIFirmware.kext
/System/Library/Extensions/IOUSBDeviceFamily.kext/Contents/PlugIns/AppleUSBVHCIFirmwareRSM.kext
/System/Library/Extensions/IOUSBDeviceFamily.kext/Contents/PlugIns/AppleT8011USBXDCI.kext
/System/Library/Extensions/IOUSBDeviceFamily.kext/Contents/PlugIns/AppleUSBXDCI.kext
/System/Library/Extensions/IOUSBDeviceFamily.kext/Contents/PlugIns/AppleUSBXDCIARM.kext
/System/Library/Extensions/iPodDriver.kext
/System/Library/Extensions/iPodDriver.kext/Contents/PlugIns/iPodSBCDriver.kext
/System/Library/Extensions/ApplePVPanic.kext
/System/Library/Extensions/AppleBCMWLANBusInterfacePCIeMac.kext
/System/Library/Extensions/AppleEmbeddedNewAccelerometer.kext
/System/Library/Extensions/AppleANELoadBalancer.kext
/System/Library/Extensions/AppleSynopsysMIPIDSI.kext
/System/Library/Extensions/AppleUSBDMM.kext
/System/Library/Extensions/AppleLSIFusionMPT.kext
/System/Library/Extensions/AppleGraphicsPowerManagement.kext
/System/Library/Extensions/AppleFDEKeyStore.kext
/System/Library/Extensions/AMDFramebuffer.kext
/System/Library/Extensions/AMDRadeonX6000Framebuffer.kext
/System/Library/Extensions/PPP.kext
/System/Library/Extensions/IOTextEncryptionFamily.kext
/System/Library/Extensions/IOVideoFamily.kext
/System/Library/Extensions/IOVideoFamily.kext/Contents/PlugIns/IOVideoDeviceUserClient.kext
/System/Library/Extensions/AppleVPKeyStore.kext
/System/Library/Extensions/AppleMCP89RootPortPM.kext
/System/Library/Extensions/AppleD2018PMU.kext
/System/Library/Extensions/AppleUpstreamUserClient.kext
/System/Library/Extensions/IOBDStorageFamily.kext
/System/Library/Extensions/IOFireWireSerialBusProtocolTransport.kext
/System/Library/Extensions/AppleAuthCP.kext
/System/Library/Extensions/AppleBusPowerController.kext
/System/Library/Extensions/IOBufferCopyController.kext
/System/Library/Extensions/AppleGameControllerPersonality.kext
/System/Library/Extensions/AppleHSSPISupport.kext
/System/Library/Extensions/AppleD1946PMU.kext
/System/Library/Extensions/AppleConvergedIPCOLYBTControl.kext
/System/Library/Extensions/RTBuddyV3.kext
/System/Library/Extensions/AppleTCA7408GPIOIC.kext
/System/Library/Extensions/AppleFireStormErrorHandler.kext
/System/Library/Extensions/AppleUSBHostT8002.kext
/System/Library/Extensions/AppleBiometricSensor.kext
/System/Library/Extensions/AppleBTM.kext
/System/Library/Extensions/AppleFirmwareKit.kext
/System/Library/Extensions/AppleIntelSKLGraphics.kext
/System/Library/Extensions/AppleAVD.kext
/System/Library/Extensions/AppleDPDisplayTCON.kext
/System/Library/Extensions/AppleSEPHDCPManager.kext
/System/Library/Extensions/IOAudio2Family.kext
/System/Library/Extensions/AppleSSE.kext
/System/Library/Extensions/AppleH11ANEInterface.kext
/System/Library/Extensions/AppleD2333PMU.kext
/System/Library/Extensions/BroadcomBluetoothHostControllerUSBTransport.kext
/System/Library/Extensions/AppleD2045PMU.kext
/System/Library/Extensions/AppleUSBACM.kext
/System/Library/Extensions/AppleS8000DWI.kext
/System/Library/Extensions/AppleSTDP2700.kext
/System/Library/Extensions/AppleKeyStore.kext
/System/Library/Extensions/AppleThunderboltPCIAdapters.kext
/System/Library/Extensions/AppleThunderboltPCIAdapters.kext/Contents/PlugIns/AppleThunderboltPCIDownAdapter.kext
/System/Library/Extensions/AppleThunderboltPCIAdapters.kext/Contents/PlugIns/AppleThunderboltPCIUpAdapter.kext
/System/Library/Extensions/BCMWLANFirmware4355_Hashstore.kext
/System/Library/Extensions/AppleSEPManager.kext
/System/Library/Extensions/AppleAVEBridge.kext
/System/Library/Extensions/AppleBCMWLANBusInterfacePCIe.kext
/System/Library/Extensions/AppleIntelLpssGspi.kext
/System/Library/Extensions/AppleMultiFunctionManagerMac.kext
/System/Library/Extensions/AppleS5L8960XUSB.kext
/System/Library/Extensions/AppleS5L8960XNCO.kext
/System/Library/Extensions/AppleXsanScheme.kext
/System/Library/Extensions/IOBufferCopyEngineFamily.kext
/System/Library/Extensions/AppleT8020USB.kext
/System/Library/Extensions/ApplePMPFirmware.kext
/System/Library/Extensions/AppleT8101.kext
/System/Library/Extensions/IOUserEthernet.kext
/System/Library/Extensions/AppleT6000CLPCv3.kext
/System/Library/Extensions/AppleSMBIOS.kext
/System/Library/Extensions/AMDRadeonX4000.kext
/System/Library/Extensions/IOBluetoothHIDDriver.kext
/System/Library/Extensions/AppleSMBusPCI.kext
/System/Library/Extensions/AppleOLYHAL.kext
/System/Library/Extensions/FairPlayIOKit.kext
/System/Library/Extensions/AppleFWAudio.kext
/System/Library/Extensions/AppleSummitLCD.kext
/System/Library/Extensions/AppleMCA2_T600x.kext
/System/Library/Extensions/AppleStockholmControl.kext
/System/Library/Extensions/NVSMU.kext
/System/Library/Extensions/AMD8000Controller.kext
/System/Library/Extensions/AppleThunderboltEDMService.kext
/System/Library/Extensions/AppleThunderboltEDMService.kext/Contents/PlugIns/AppleThunderboltEDMSource.kext
/System/Library/Extensions/AppleThunderboltEDMService.kext/Contents/PlugIns/AppleThunderboltEDMSink.kext
/System/Library/Extensions/AppleIntelKBLGraphics.kext
/System/Library/Extensions/AppleFSCompressionTypeDataless.kext
/System/Library/Extensions/watchdog.kext
/System/Library/Extensions/AppleD2257PMU.kext
/System/Library/Extensions/AppleHSSPIHIDDriver.kext
/System/Library/Extensions/AppleUSBMultitouch.kext
/System/Library/Extensions/IOKitRegistryCompatibility.kext
/System/Library/Extensions/AppleUSBNetworking.kext
/System/Library/Extensions/AppleHIDMouse.kext
/System/Library/Extensions/AppleHIDMouse.kext/Contents/PlugIns/AppleBluetoothHIDMouse.kext
/System/Library/Extensions/AppleHIDMouse.kext/Contents/PlugIns/AppleUSBHIDMouse.kext
/System/Library/Extensions/AppleD2460PMU.kext
/System/Library/Extensions/IOFireWireAVC.kext
/System/Library/Extensions/AppleHV.kext
/System/Library/Extensions/AppleBCMWLANCore.kext
/System/Library/Extensions/AppleUSBEthernet.kext
/System/Library/Extensions/UVCService.kext
/System/Library/Extensions/lifs.kext
/System/Library/Extensions/AppleUSBMike.kext
/System/Library/Extensions/IOCDStorageFamily.kext
/System/Library/Extensions/AppleT8006USB.kext
/System/Library/Extensions/AppleTCA6408GPIOIC.kext
/System/Library/Extensions/IONetworkingFamily.kext
/System/Library/Extensions/IONetworkingFamily.kext/Contents/PlugIns/AppleEthernetAquantiaAqtion.kext
/System/Library/Extensions/IONetworkingFamily.kext/Contents/PlugIns/AppleBCM5701Ethernet.kext
/System/Library/Extensions/IONetworkingFamily.kext/Contents/PlugIns/AppleEthernetAquantiaAqtionPortMonitor.kext
/System/Library/Extensions/IONetworkingFamily.kext/Contents/PlugIns/AppleIntelI210Ethernet.kext
/System/Library/Extensions/IONetworkingFamily.kext/Contents/PlugIns/Intel82574L.kext
/System/Library/Extensions/IONetworkingFamily.kext/Contents/PlugIns/AppleI2CEthernetAquantia.kext
/System/Library/Extensions/IONetworkingFamily.kext/Contents/PlugIns/IOEthernetAVBController.kext
/System/Library/Extensions/IONetworkingFamily.kext/Contents/PlugIns/AppleEthernetAquantiaAqtionFirmware.kext
/System/Library/Extensions/IONetworkingFamily.kext/Contents/PlugIns/AppleIntel8254XEthernet.kext
/System/Library/Extensions/IONetworkingFamily.kext/Contents/PlugIns/AppleVmxnet3Ethernet.kext
/System/Library/Extensions/IONetworkingFamily.kext/Contents/PlugIns/mDNSOffloadUserClient.kext
/System/Library/Extensions/tmpfs.kext
/System/Library/Extensions/AppleBluetoothRemote.kext
/System/Library/Extensions/AppleFIVRDriver.kext
/System/Library/Extensions/AFTK_Kext.kext
/System/Library/Extensions/IOSlaveProcessor.kext
/System/Library/Extensions/IO80211FamilyLegacy.kext
/System/Library/Extensions/IO80211FamilyLegacy.kext/Contents/PlugIns/IO80211NetBooter.kext
/System/Library/Extensions/IO80211FamilyLegacy.kext/Contents/PlugIns/AirPortBrcmNIC.kext
/System/Library/Extensions/AppleSPU.kext
/System/Library/Extensions/AppleBluetoothModule.kext
/System/Library/Extensions/AppleBiometricServices.kext
/System/Library/Extensions/AppleGL3590FirmwareUpdater.kext
/System/Library/Extensions/AppleSPMIPMU.kext
/System/Library/Extensions/AppleUSBTopCase.kext
/System/Library/Extensions/AppleUSBTopCase.kext/Contents/PlugIns/AppleUSBTCKeyEventDriver.kext
/System/Library/Extensions/AppleUSBTopCase.kext/Contents/PlugIns/AppleUSBTCKeyboard.kext
/System/Library/Extensions/AppleUSBTopCase.kext/Contents/PlugIns/AppleUSBTCButtons.kext
/System/Library/Extensions/HFS_MacKorean.kext
/System/Library/Extensions/AppleD1974PMU.kext
/System/Library/Extensions/AppleBacklightExpert.kext
/System/Library/Extensions/AUC.kext
/System/Library/Extensions/IONDRVSupport.kext
/System/Library/Extensions/AppleIISController.kext
/System/Library/Extensions/AppleT8020DART.kext
/System/Library/Extensions/IOBluetoothHostControllerTransport.kext
/System/Library/Extensions/AppleEncryptedArchive.kext
/System/Library/Extensions/Apple16X50Serial.kext
/System/Library/Extensions/Apple16X50Serial.kext/Contents/PlugIns/Apple16X50ACPI.kext
/System/Library/Extensions/IOBluetoothHostControllerUARTTransport.kext
/System/Library/Extensions/IOCECFamily.kext
/System/Library/Extensions/IOAudioFamily.kext
/System/Library/Extensions/AppleUSBHostT8020.kext
/System/Library/Extensions/AppleARMPlatform.kext
/System/Library/Extensions/SEPHibernation.kext
/System/Library/Extensions/AMDSupport.kext
/System/Library/Extensions/AppleT6002CLPC.kext
/System/Library/Extensions/AudioDMAController_T600x.kext
/System/Library/Extensions/AppleDCPDPTXProxy.kext
/System/Library/Extensions/AppleEmbeddedSimpleSPINORFlasherDriver.kext
/System/Library/Extensions/acfsctl.kext
/System/Library/Extensions/AppleDPDisplay.kext
/System/Library/Extensions/AppleIntelBDWGraphics.kext
/System/Library/Extensions/IOAHCIFamily.kext
/System/Library/Extensions/IOAHCIFamily.kext/Contents/PlugIns/IOAHCIBlockStorage.kext
/System/Library/Extensions/IOAHCIFamily.kext/Contents/PlugIns/IOAHCISerialATAPI.kext
/System/Library/Extensions/IOSCSIArchitectureModelFamily.kext
/System/Library/Extensions/IOSCSIArchitectureModelFamily.kext/Contents/PlugIns/SCSITaskUserClient.kext
/System/Library/Extensions/IOSCSIArchitectureModelFamily.kext/Contents/PlugIns/IOSCSIMultimediaCommandsDevice.kext
/System/Library/Extensions/IOSCSIArchitectureModelFamily.kext/Contents/PlugIns/IOSCSIReducedBlockCommandsDevice.kext
/System/Library/Extensions/IOSCSIArchitectureModelFamily.kext/Contents/PlugIns/IOSCSIBlockCommandsDevice.kext
/System/Library/Extensions/ApplePIODMA.kext
/System/Library/Extensions/AppleT6000.kext
/System/Library/Extensions/smbfs.kext
/System/Library/Extensions/IOPlatformPluginFamily.kext
/System/Library/Extensions/IOPlatformPluginFamily.kext/Contents/PlugIns/X86PlatformPlugin.kext
/System/Library/Extensions/IOPlatformPluginFamily.kext/Contents/PlugIns/AppleSMCPDRC.kext
/System/Library/Extensions/IOPlatformPluginFamily.kext/Contents/PlugIns/X86PlatformShim.kext
/System/Library/Extensions/IOPlatformPluginFamily.kext/Contents/PlugIns/IOPlatformPluginLegacy.kext
/System/Library/Extensions/IOPlatformPluginFamily.kext/Contents/PlugIns/ACPI_SMC_PlatformPlugin.kext
/System/Library/Extensions/IOPlatformPluginFamily.kext/Contents/PlugIns/VMPlatformPlugin.kext
/System/Library/Extensions/AppleDAPF.kext
/System/Library/Extensions/AppleAudioClockLibs.kext
/System/Library/Extensions/AppleOnboardSerial.kext
/System/Library/Extensions/IOStorageFamily.kext
/System/Library/Extensions/AppleBCMWLANCoreMac.kext
/System/Library/Extensions/AMDRadeonServiceManager.kext
/System/Library/Extensions/AppleVPCredentialManager.kext
/System/Library/Extensions/AppleLPC.kext
/System/Library/Extensions/IOHIDFamily.kext
/System/Library/Extensions/IOHIDFamily.kext/Contents/PlugIns/IOHIDEventDriver.kext
/System/Library/Extensions/IOHIDFamily.kext/Contents/PlugIns/IOHIDUserClient.kext
/System/Library/Extensions/IOHIDFamily.kext/Contents/PlugIns/IOHIDSystem.kext
/System/Library/Extensions/IOHIDFamily.kext/Contents/PlugIns/IOHIDEventDriverSafeBoot.kext
/System/Library/Extensions/AppleT8103PCIe.kext
/System/Library/Extensions/AppleThunderboltIP.kext
/System/Library/Extensions/AppleACPIPlatform.kext
/System/Library/Extensions/AppleACPIPlatform.kext/Contents/PlugIns/AppleACPIButtons.kext
/System/Library/Extensions/AppleACPIPlatform.kext/Contents/PlugIns/AppleACPIEC.kext
/System/Library/Extensions/AMD9000Controller.kext
/System/Library/Extensions/ArcMSR.kext
/System/Library/Extensions/AppleIntelBDWGraphicsFramebuffer.kext
/System/Library/Extensions/AppleSMBusController.kext
/System/Library/Extensions/AppleEmbeddedUSB.kext
/System/Library/Extensions/AppleEmbeddedBluetoothMultitouch.kext
/System/Library/Extensions/AppleEffaceableNOR.kext
/System/Library/Extensions/AppleDisplayCrossbar.kext
/System/Library/Extensions/mcxalr.kext
/System/Library/Extensions/ApplePMP.kext
/System/Library/Extensions/AppleD1815PMU.kext
/System/Library/Extensions/AppleARMPMU.kext
/System/Library/Extensions/AppleSMCRTC.kext
/System/Library/Extensions/AppleUSBDeviceNCM.kext
/System/Library/Extensions/AppleDiagnosticDataAccessReadOnly.kext
/System/Library/Extensions/AppleS5L8940XDWI.kext
/System/Library/Extensions/AppleSART.kext
/System/Library/Extensions/AppleIntelLpssUARTCommon.kext
/System/Library/Extensions/AppleSmartBatteryManager.kext
/System/Library/Extensions/ApplePassthroughPPM.kext
/System/Library/Extensions/AppleEmbeddedAccelerometer.kext
/System/Library/Extensions/AppleThunderboltUSBAdapters.kext
/System/Library/Extensions/AppleThunderboltUSBAdapters.kext/Contents/PlugIns/AppleThunderboltUSBDownAdapter.kext
/System/Library/Extensions/AppleThunderboltUSBAdapters.kext/Contents/PlugIns/AppleThunderboltUSBUpAdapter.kext
/System/Library/Extensions/corecapture.kext
/System/Library/Extensions/AppleIntelLpssI2C.kext
/System/Library/Extensions/IOImageLoader.kext
/System/Library/Extensions/AppleDPRepeater.kext
/System/Library/Extensions/AMDRadeonX5000.kext
/System/Library/Extensions/BootPolicy.kext
/System/Library/Extensions/pthread.kext
/System/Library/Extensions/AppleT6000SOCTuner.kext
/System/Library/Extensions/IOUSBFamily.kext
/System/Library/Extensions/IOUSBFamily.kext/Contents/PlugIns/IOUSBUserClient.kext
/System/Library/Extensions/IOUSBFamily.kext/Contents/PlugIns/IOUSBHIDDriverPM.kext
/System/Library/Extensions/IOUSBFamily.kext/Contents/PlugIns/IOUSBCompositeDriver.kext
/System/Library/Extensions/IOUSBFamily.kext/Contents/PlugIns/IOUSBHIDDriver.kext
/System/Library/Extensions/IOUSBFamily.kext/Contents/PlugIns/AppleUSBLegacyHub.kext
/System/Library/Extensions/IOUSBFamily.kext/Contents/PlugIns/IOUSBHIDDriverSafeBoot.kext
/System/Library/Extensions/AppleHDA.kext
/System/Library/Extensions/AppleHDA.kext/Contents/PlugIns/IOHDAFamily.kext
/System/Library/Extensions/AppleHDA.kext/Contents/PlugIns/AppleMikeyDriver.kext
/System/Library/Extensions/AppleHDA.kext/Contents/PlugIns/AppleHDAHardwareConfigDriver.kext
/System/Library/Extensions/AppleHDA.kext/Contents/PlugIns/DspFuncLib.kext
/System/Library/Extensions/AppleHDA.kext/Contents/PlugIns/AppleHDAController.kext
/System/Library/Extensions/AppleT8103PMGR.kext
/System/Library/Extensions/AppleEmbeddedUSBXHCIPCI.kext
/System/Library/Extensions/CellPhoneHelper.kext
/System/Library/Extensions/CoreAnalyticsFamily.kext
/System/Library/Extensions/AppleUSBDeviceMux.kext
/System/Library/Extensions/AppleIntelHD5000Graphics.kext
/System/Library/Extensions/AppleVirtIOStorage.kext
/System/Library/Extensions/AppleMobileDispH13G-DFR.kext
/System/Library/Extensions/AppleA7IOP.kext
/System/Library/Extensions/AppleUSBCommon.kext
/System/Library/Extensions/AppleUSBCommon.kext/Contents/PlugIns/AppleUSBVHCICommonBCE.kext
/System/Library/Extensions/AppleUSBCommon.kext/Contents/PlugIns/AppleUSBVHCICommonRSM.kext
/System/Library/Extensions/AppleUSBCommon.kext/Contents/PlugIns/AppleUSBVHCICommon.kext
/System/Library/Extensions/KernelRelayHost.kext
/System/Library/Extensions/AppleIntelMCEReporter.kext
/System/Library/Extensions/AppleRTC.kext
/System/Library/Extensions/IOPCIFamily.kext
/System/Library/Extensions/AppleT8027PMPFirmware.kext
/System/Library/Extensions/IOHDCPFamily.kext
/System/Library/Extensions/AppleCSEmbeddedAudio.kext
/System/Library/Extensions/SMCMotionSensor.kext
/System/Library/Extensions/AppleThunderboltDPAdapters.kext
/System/Library/Extensions/AppleThunderboltDPAdapters.kext/Contents/PlugIns/AppleThunderboltDPOutAdapter.kext
/System/Library/Extensions/AppleThunderboltDPAdapters.kext/Contents/PlugIns/AppleThunderboltDPAdapterFamily.kext
/System/Library/Extensions/AppleThunderboltDPAdapters.kext/Contents/PlugIns/AppleThunderboltDPInAdapter.kext
/System/Library/Extensions/AppleEmbeddedTouchEEPROMDriver.kext
/System/Library/Extensions/AppleM68Buttons.kext
/System/Library/Extensions/afpfs.kext
/System/Library/Extensions/AppleD2401PMU.kext
/System/Library/Extensions/AppleParavirtGPU.kext
/System/Library/Extensions/AppleMultitouchDriver.kext
/System/Library/Extensions/AppleSEPGenericTransfer.kext
/System/Library/Extensions/AppleAvalancheErrorHandler.kext
/System/Library/Extensions/AppleUSBHostS5L8960X.kext
/System/Library/Extensions/AppleT8301USB.kext
/System/Library/Extensions/BootCache.kext
/System/Library/Extensions/AppleT6000DART.kext
/System/Library/Extensions/AppleIPAppender.kext
/System/Library/Extensions/EncryptedBlockStorage.kext
/System/Library/Extensions/IOAVBFamily.kext
/System/Library/Extensions/IOAVBFamily.kext/Contents/PlugIns/IOAVBStreamingPlugin.kext
/System/Library/Extensions/IOAVBFamily.kext/Contents/PlugIns/IOAVBDiscoveryPlugin.kext
/System/Library/Extensions/IOAVBFamily.kext/Contents/PlugIns/IOAVBControlPlugin.kext
/System/Library/Extensions/IOAVBFamily.kext/Contents/PlugIns/IOMRPPlugin.kext
/System/Library/Extensions/AppleT8110DART.kext
/System/Library/Extensions/AppleInterruptControllerV2.kext
/System/Library/Extensions/IOAccessoryPortUSB.kext
/System/Library/Extensions/AppleIntelSKLGraphicsFramebuffer.kext
/System/Library/Extensions/AppleUSBAudio.kext
/System/Library/Extensions/HFS_MacChineseSimp.kext
/System/Library/Extensions/IOUserSerial.kext
/System/Library/Extensions/IO80211Family.kext
/System/Library/Extensions/AppleInputDeviceSupport.kext
/System/Library/Extensions/vecLib.kext
/System/Library/Extensions/AppleUSBHostT8011.kext
/System/Library/Extensions/Libm.kext
/System/Library/Extensions/AppleSmartIO2.kext
/System/Library/Extensions/AppleANXDPTX.kext
/System/Library/Extensions/apfs.kext
/System/Library/Extensions/udf.kext
/System/Library/Extensions/AppleMCDP29XX.kext
/System/Library/Extensions/AppleUSBEthernetHost.kext
/System/Library/Extensions/AGXFirmwareKextG11GRTBuddy.kext
/System/Library/Extensions/AppleARMGIC.kext
/System/Library/Extensions/AppleUSBNCM.kext
/System/Library/Extensions/AppleParavirtIOSurface.kext
/System/Library/Extensions/AppleAfterburner.kext
/System/Library/Extensions/IOACPIFamily.kext
/System/Library/Extensions/AppleEffaceableBlockDevice.kext
/System/Library/Extensions/Quarantine.kext
/System/Library/Extensions/AppleD1881PMU.kext
/System/Library/Extensions/AppleEmbeddedAudioLibs.kext
/System/Library/Extensions/AppleT600xPCIe.kext
/System/Library/Extensions/OSvKernDSPLib.kext
/System/Library/Extensions/AMD9500Controller.kext
/System/Library/Extensions/AppleT8015PMPFirmware.kext
/System/Library/Extensions/IOFireWireFamily.kext
/System/Library/Extensions/IOFireWireFamily.kext/Contents/PlugIns/AppleFWOHCI.kext
/System/Library/Extensions/HFS_MacCentralEurRoman.kext
/System/Library/Extensions/AppleSPIMC.kext
/System/Library/Extensions/AppleGraphicsControl.kext
/System/Library/Extensions/AppleGraphicsControl.kext/Contents/PlugIns/ApplePolicyControl.kext
/System/Library/Extensions/AppleGraphicsControl.kext/Contents/PlugIns/AppleMuxControl.kext
/System/Library/Extensions/AppleGraphicsControl.kext/Contents/PlugIns/AppleMuxControl2.kext
/System/Library/Extensions/AppleGraphicsControl.kext/Contents/PlugIns/AppleMGPUPowerControl.kext
/System/Library/Extensions/AppleGraphicsControl.kext/Contents/PlugIns/AppleGPUWrangler.kext
/System/Library/Extensions/AppleGraphicsControl.kext/Contents/PlugIns/AGDCBacklightControl.kext
/System/Library/Extensions/AppleGraphicsControl.kext/Contents/PlugIns/AppleGraphicsDeviceControl.kext
/System/Library/Extensions/AppleGraphicsControl.kext/Contents/PlugIns/AppleGraphicsDevicePolicy.kext
/System/Library/Extensions/AppleGraphicsControl.kext/Contents/PlugIns/AGDCPluginDisplayMetrics.kext
/System/Library/Extensions/IODisplayPortFamily.kext
/System/Library/Extensions/AppleH10PearlCameraInterface.kext
/System/Library/Extensions/AppleEffaceableStorage.kext
/System/Library/Extensions/AppleJPEGDriver.kext
/System/Library/Extensions/IOATAFamily.kext
/System/Library/Extensions/IOATAFamily.kext/Contents/PlugIns/IOATABlockStorage.kext
/System/Library/Extensions/IOATAFamily.kext/Contents/PlugIns/IOATAPIProtocolTransport.kext
/System/Library/Extensions/AppleMesaSEPDriver.kext
/System/Library/Extensions/AppleUSBiBridge.kext
/System/Library/Extensions/webdav_fs.kext
/System/Library/Extensions/IOUSBHostFamily.kext
/System/Library/Extensions/IOUSBHostFamily.kext/Contents/PlugIns/AppleUSBUHCIPCI.kext
/System/Library/Extensions/IOUSBHostFamily.kext/Contents/PlugIns/AppleUSBOpticalMouse.kext
/System/Library/Extensions/IOUSBHostFamily.kext/Contents/PlugIns/AppleUSBUHCI.kext
/System/Library/Extensions/IOUSBHostFamily.kext/Contents/PlugIns/AppleUSBXHCIPCI.kext
/System/Library/Extensions/IOUSBHostFamily.kext/Contents/PlugIns/AppleUSBHostPacketFilter.kext
/System/Library/Extensions/IOUSBHostFamily.kext/Contents/PlugIns/AppleUSBUserHCI.kext
/System/Library/Extensions/IOUSBHostFamily.kext/Contents/PlugIns/IOUSBHostHIDDevice.kext
/System/Library/Extensions/IOUSBHostFamily.kext/Contents/PlugIns/AppleUSBVHCI.kext
/System/Library/Extensions/IOUSBHostFamily.kext/Contents/PlugIns/AppleUSBMergeNub.kext
/System/Library/Extensions/IOUSBHostFamily.kext/Contents/PlugIns/AppleUSBHostBillboardDevice.kext
/System/Library/Extensions/IOUSBHostFamily.kext/Contents/PlugIns/AppleUSBHostMergeProperties.kext
/System/Library/Extensions/IOUSBHostFamily.kext/Contents/PlugIns/AppleUSBOHCIPCI.kext
/System/Library/Extensions/IOUSBHostFamily.kext/Contents/PlugIns/AppleUSBVHCIBCE.kext
/System/Library/Extensions/IOUSBHostFamily.kext/Contents/PlugIns/AppleUSBOHCI.kext
/System/Library/Extensions/IOUSBHostFamily.kext/Contents/PlugIns/IOUSBHostHIDDeviceSafeBoot.kext
/System/Library/Extensions/IOUSBHostFamily.kext/Contents/PlugIns/AppleUSBHostCompositeDevice.kext
/System/Library/Extensions/IOUSBHostFamily.kext/Contents/PlugIns/AppleUSBHub.kext
/System/Library/Extensions/IOUSBHostFamily.kext/Contents/PlugIns/AppleUSBVHCIRSM.kext
/System/Library/Extensions/IOUSBHostFamily.kext/Contents/PlugIns/AppleUSBXHCI.kext
/System/Library/Extensions/IOUSBHostFamily.kext/Contents/PlugIns/AppleUSBHostPlatformProperties.kext
/System/Library/Extensions/IOUSBHostFamily.kext/Contents/PlugIns/AppleUSBRecoveryHost.kext
/System/Library/Extensions/IOUSBHostFamily.kext/Contents/PlugIns/AppleUSBEHCIPCI.kext
/System/Library/Extensions/IOUSBHostFamily.kext/Contents/PlugIns/AppleUSBEHCI.kext
/System/Library/Extensions/Apple_iSight.kext
/System/Library/Extensions/webcontentfilter.kext
/System/Library/Extensions/LightweightVolumeManager.kext
/System/Library/Extensions/AppleSerialShim.kext
/System/Library/Extensions/AppleCameraInterface.kext
/System/Library/Extensions/AppleD2089PMU.kext
/System/Library/Extensions/AppleSamsungSerial.kext
/System/Library/Extensions/AppleIntelLpssI2CController.kext
/System/Library/Extensions/AppleUSBCDC.kext
/System/Library/Extensions/AppleD2346PMU.kext
/System/Library/Extensions/AppleM2ScalerCSC.kext
/System/Library/Extensions/IOBluetoothHostControllerPCIeTransport.kext
/System/Library/Extensions/AppleFSCompressionTypeZlib.kext
/System/Library/Extensions/AppleUSBRealtek8153Patcher.kext
/System/Library/Extensions/PromiseSTEX.kext
/System/Library/Extensions/AppleVortexErrorHandler.kext
/System/Library/Extensions/msdosfs.kext
/System/Library/Extensions/IOSlowAdaptiveClockingFamily.kext
/System/Library/Extensions/AMDRadeonX6000.kext
/System/Library/Extensions/triggers.kext
/System/Library/Extensions/IOBluetoothPacketLogger.kext
/System/Library/Extensions/IOGraphicsFamily.kext
/System/Library/Extensions/AppleVPBootPolicy.kext
/System/Library/Extensions/Sandbox.kext
/System/Library/Extensions/AppleIntelFramebufferAzul.kext
/System/Library/Extensions/eficheck.kext
/System/Library/Extensions/corecrypto.kext
/System/Library/Extensions/HFSEncodings.kext
/System/Library/Extensions/AppleDockChannel.kext
/System/Library/Extensions/AppleSPMI.kext
/System/Library/Extensions/IODARTFamily.kext
/System/Library/Extensions/AppleEFIRuntime.kext
/System/Library/Extensions/AppleEFIRuntime.kext/Contents/PlugIns/AppleEFINVRAM.kext
/System/Library/Extensions/AppleHIDTransport.kext
/System/Library/Extensions/AppleHIDTransport.kext/Contents/PlugIns/AppleHIDTransportSPI.kext
/System/Library/Extensions/AppleD2400PMU.kext
/System/Library/Extensions/AppleTrustedAccessory.kext
/System/Library/Extensions/AppleD2255PMU.kext
/System/Library/Extensions/AppleAVE2.kext
/System/Library/Extensions/EndpointSecurity.kext
/System/Library/Extensions/AppleS8000AES.kext
/System/Library/Extensions/AppleUSBDisplays.kext
/System/Library/Extensions/AppleT6000PCIeC.kext
/System/Library/Extensions/AppleSystemPolicy.kext
/System/Library/Extensions/AppleDiskImages2.kext
/System/Library/Extensions/AppleTriStar.kext
/System/Library/Extensions/AMD10000Controller.kext
/System/Library/Extensions/IOFireWireSBP2.kext
/System/Library/Extensions/IOTimeSyncFamily.kext
/System/Library/Extensions/IOTimeSyncFamily.kext/Contents/PlugIns/IOgPTPPlugin.kext
/System/Library/Extensions/IOTimeSyncFamily.kext/Contents/PlugIns/TSNCaptureInterface.kext
/System/Library/Extensions/AppleMobileApNonce.kext
/System/Library/Extensions/AppleFileSystemDriver.kext
/System/Library/Extensions/CSRBluetoothHostControllerUSBTransport.kext
/System/Library/Extensions/AppleConvergedPCI.kext
/System/Library/Extensions/AppleT8020PMPFirmware.kext
/System/Library/Extensions/cddafs.kext
/System/Library/Extensions/AppleMobileDispT600X-DCP.kext
/System/Library/Extensions/AppleD1755PMU.kext
/Library/Extensions/SoftRAID.kext
/Library/Extensions/HighPointRR.kext
/Library/Extensions/HighPointIOP.kext
/System/Library/DriverExtensions/com.apple.DriverKit-AppleUSBFTDI.dext
/System/Library/DriverExtensions/com.apple.DriverKit-AppleUSBPLCOM.dext
/System/Library/DriverExtensions/com.apple.AppleUserHIDDrivers.dext
/System/Library/DriverExtensions/com.apple.DriverKit-Apple16X50PCI.dext
/System/Library/DriverExtensions/IOUserBluetoothSerialDriver.dext
/System/Library/DriverExtensions/com.apple.DriverKit-UVCUserService.dext
/System/Library/DriverExtensions/com.apple.DriverKit-AppleUSBSLCOM.dext
/System/Library/DriverExtensions/com.apple.DriverKit-AppleEthernetIXGBE.dext
/System/Library/DriverExtensions/com.apple.DriverKit.AppleUserECM.dext
/System/Library/DriverExtensions/com.apple.DriverKit-AppleEthernetE1000.dext
/System/Library/DriverExtensions/com.apple.DriverKit-AppleUSBCHCOM.dext
/System/Library/DriverExtensions/com.apple.DriverKit-AppleUSBSerial.dext
/Library/Apple/System/Library/Extensions/AppleMobileDevice.kext
/Library/Apple/System/Library/Extensions/AppleKextExcludeList.kext
/Library/Apple/System/Library/Extensions/RemoteVirtualInterface.kext
